Command: /home/host/Documents/last/fft_256/rtl/vcs/./simv -l sim.log
Chronologic VCS simulator copyright 1991-2022
Contains Synopsys proprietary information.
Compiler version T-2022.06_Full64; Runtime version T-2022.06_Full64;  Feb 18 14:24 2025
*Verdi* Loading libsscore_vcs202206.so
FSDB Dumper for VCS, Release Verdi_T-2022.06, Linux x86_64/64bit, 05/29/2022
(C) 1996 - 2022 by Synopsys, Inc.
*Verdi* FSDB WARNING: The FSDB file already exists. Overwriting the FSDB file may crash the programs that are using this file.
*Verdi* : Create FSDB file 'ifft_waveform.fsdb'
*Verdi* : Begin traversing the scopes, layer (0).
*Verdi* : Enable +all dumping.
*Verdi* : End of traversing.
clk: 1, rst_n: 1, valid_in: 0, inv:1, sop_in: 0, x_re:     1, x_im:     1, valid_out: 1, sop_out: 0, y_re:        -127, y_im:        -127
clk: 1, rst_n: 1, valid_in: 0, inv:1, sop_in: 0, x_re:     1, x_im:     1, valid_out: 1, sop_out: 0, y_re:          39, y_im:         -43
clk: 1, rst_n: 1, valid_in: 0, inv:1, sop_in: 0, x_re:     1, x_im:     1, valid_out: 1, sop_out: 0, y_re:          18, y_im:         -22
clk: 1, rst_n: 1, valid_in: 0, inv:1, sop_in: 0, x_re:     1, x_im:     1, valid_out: 1, sop_out: 0, y_re:          12, y_im:         -16
clk: 1, rst_n: 1, valid_in: 0, inv:1, sop_in: 0, x_re:     1, x_im:     1, valid_out: 1, sop_out: 0, y_re:           8, y_im:         -12
clk: 1, rst_n: 1, valid_in: 0, inv:1, sop_in: 0, x_re:     1, x_im:     1, valid_out: 1, sop_out: 0, y_re:           6, y_im:         -10
clk: 1, rst_n: 1, valid_in: 0, inv:1, sop_in: 0, x_re:     1, x_im:     1, valid_out: 1, sop_out: 0, y_re:           5, y_im:          -9
clk: 1, rst_n: 1, valid_in: 0, inv:1, sop_in: 0, x_re:     1, x_im:     1, valid_out: 1, sop_out: 0, y_re:           4, y_im:          -8
clk: 1, rst_n: 1, valid_in: 0, inv:1, sop_in: 0, x_re:     1, x_im:     1, valid_out: 1, sop_out: 0, y_re:           3, y_im:          -7
clk: 1, rst_n: 1, valid_in: 0, inv:1, sop_in: 0, x_re:     1, x_im:     1, valid_out: 1, sop_out: 0, y_re:           2, y_im:          -6
clk: 1, rst_n: 1, valid_in: 0, inv:1, sop_in: 0, x_re:     1, x_im:     1, valid_out: 1, sop_out: 0, y_re:           2, y_im:          -6
clk: 1, rst_n: 1, valid_in: 0, inv:1, sop_in: 0, x_re:     1, x_im:     1, valid_out: 1, sop_out: 0, y_re:           1, y_im:          -5
clk: 1, rst_n: 1, valid_in: 0, inv:1, sop_in: 0, x_re:     1, x_im:     1, valid_out: 1, sop_out: 0, y_re:           1, y_im:          -5
clk: 1, rst_n: 1, valid_in: 0, inv:1, sop_in: 0, x_re:     1, x_im:     1, valid_out: 1, sop_out: 0, y_re:           1, y_im:          -5
clk: 1, rst_n: 1, valid_in: 0, inv:1, sop_in: 0, x_re:     1, x_im:     1, valid_out: 1, sop_out: 0, y_re:           1, y_im:          -5
clk: 1, rst_n: 1, valid_in: 0, inv:1, sop_in: 0, x_re:     1, x_im:     1, valid_out: 1, sop_out: 0, y_re:           0, y_im:          -4
clk: 1, rst_n: 1, valid_in: 0, inv:1, sop_in: 0, x_re:     1, x_im:     1, valid_out: 1, sop_out: 0, y_re:           0, y_im:          -4
clk: 1, rst_n: 1, valid_in: 0, inv:1, sop_in: 0, x_re:     1, x_im:     1, valid_out: 1, sop_out: 0, y_re:           0, y_im:          -4
clk: 1, rst_n: 1, valid_in: 0, inv:1, sop_in: 0, x_re:     1, x_im:     1, valid_out: 1, sop_out: 0, y_re:           0, y_im:          -4
clk: 1, rst_n: 1, valid_in: 0, inv:1, sop_in: 0, x_re:     1, x_im:     1, valid_out: 1, sop_out: 0, y_re:           0, y_im:          -4
clk: 1, rst_n: 1, valid_in: 0, inv:1, sop_in: 0, x_re:     1, x_im:     1, valid_out: 1, sop_out: 0, y_re:           0, y_im:          -3
clk: 1, rst_n: 1, valid_in: 0, inv:1, sop_in: 0, x_re:     1, x_im:     1, valid_out: 1, sop_out: 0, y_re:           0, y_im:          -3
clk: 1, rst_n: 1, valid_in: 0, inv:1, sop_in: 0, x_re:     1, x_im:     1, valid_out: 1, sop_out: 0, y_re:          -1, y_im:          -3
clk: 1, rst_n: 1, valid_in: 0, inv:1, sop_in: 0, x_re:     1, x_im:     1, valid_out: 1, sop_out: 0, y_re:          -1, y_im:          -3
clk: 1, rst_n: 1, valid_in: 0, inv:1, sop_in: 0, x_re:     1, x_im:     1, valid_out: 1, sop_out: 0, y_re:          -1, y_im:          -3
clk: 1, rst_n: 1, valid_in: 0, inv:1, sop_in: 0, x_re:     1, x_im:     1, valid_out: 1, sop_out: 0, y_re:          -1, y_im:          -3
clk: 1, rst_n: 1, valid_in: 0, inv:1, sop_in: 0, x_re:     1, x_im:     1, valid_out: 1, sop_out: 0, y_re:          -1, y_im:          -3
clk: 1, rst_n: 1, valid_in: 0, inv:1, sop_in: 0, x_re:     1, x_im:     1, valid_out: 1, sop_out: 0, y_re:          -1, y_im:          -3
clk: 1, rst_n: 1, valid_in: 0, inv:1, sop_in: 0, x_re:     1, x_im:     1, valid_out: 1, sop_out: 0, y_re:          -1, y_im:          -3
clk: 1, rst_n: 1, valid_in: 0, inv:1, sop_in: 0, x_re:     1, x_im:     1, valid_out: 1, sop_out: 0, y_re:          -1, y_im:          -2
clk: 1, rst_n: 1, valid_in: 0, inv:1, sop_in: 0, x_re:     1, x_im:     1, valid_out: 1, sop_out: 0, y_re:          -1, y_im:          -2
clk: 1, rst_n: 1, valid_in: 0, inv:1, sop_in: 0, x_re:     1, x_im:     1, valid_out: 1, sop_out: 0, y_re:          -1, y_im:          -2
clk: 1, rst_n: 1, valid_in: 0, inv:1, sop_in: 0, x_re:     1, x_im:     1, valid_out: 1, sop_out: 0, y_re:          -1, y_im:          -2
clk: 1, rst_n: 1, valid_in: 0, inv:1, sop_in: 0, x_re:     1, x_im:     1, valid_out: 1, sop_out: 0, y_re:          -1, y_im:          -2
clk: 1, rst_n: 1, valid_in: 0, inv:1, sop_in: 0, x_re:     1, x_im:     1, valid_out: 1, sop_out: 0, y_re:          -1, y_im:          -2
clk: 1, rst_n: 1, valid_in: 0, inv:1, sop_in: 0, x_re:     1, x_im:     1, valid_out: 1, sop_out: 0, y_re:          -1, y_im:          -2
clk: 1, rst_n: 1, valid_in: 0, inv:1, sop_in: 0, x_re:     1, x_im:     1, valid_out: 1, sop_out: 0, y_re:          -1, y_im:          -2
clk: 1, rst_n: 1, valid_in: 0, inv:1, sop_in: 0, x_re:     1, x_im:     1, valid_out: 1, sop_out: 0, y_re:          -1, y_im:          -2
clk: 1, rst_n: 1, valid_in: 0, inv:1, sop_in: 0, x_re:     1, x_im:     1, valid_out: 1, sop_out: 0, y_re:          -1, y_im:          -2
clk: 1, rst_n: 1, valid_in: 0, inv:1, sop_in: 0, x_re:     1, x_im:     1, valid_out: 1, sop_out: 0, y_re:          -1, y_im:          -2
clk: 1, rst_n: 1, valid_in: 0, inv:1, sop_in: 0, x_re:     1, x_im:     1, valid_out: 1, sop_out: 0, y_re:          -1, y_im:          -2
clk: 1, rst_n: 1, valid_in: 0, inv:1, sop_in: 0, x_re:     1, x_im:     1, valid_out: 1, sop_out: 0, y_re:          -1, y_im:          -2
clk: 1, rst_n: 1, valid_in: 0, inv:1, sop_in: 0, x_re:     1, x_im:     1, valid_out: 1, sop_out: 0, y_re:          -2, y_im:          -2
clk: 1, rst_n: 1, valid_in: 0, inv:1, sop_in: 0, x_re:     1, x_im:     1, valid_out: 1, sop_out: 0, y_re:          -2, y_im:          -1
clk: 1, rst_n: 1, valid_in: 0, inv:1, sop_in: 0, x_re:     1, x_im:     1, valid_out: 1, sop_out: 0, y_re:          -2, y_im:          -1
clk: 1, rst_n: 1, valid_in: 0, inv:1, sop_in: 0, x_re:     1, x_im:     1, valid_out: 1, sop_out: 0, y_re:          -2, y_im:          -1
clk: 1, rst_n: 1, valid_in: 0, inv:1, sop_in: 0, x_re:     1, x_im:     1, valid_out: 1, sop_out: 0, y_re:          -2, y_im:          -1
clk: 1, rst_n: 1, valid_in: 0, inv:1, sop_in: 0, x_re:     1, x_im:     1, valid_out: 1, sop_out: 0, y_re:          -2, y_im:          -1
clk: 1, rst_n: 1, valid_in: 0, inv:1, sop_in: 0, x_re:     1, x_im:     1, valid_out: 1, sop_out: 0, y_re:          -2, y_im:          -1
clk: 1, rst_n: 1, valid_in: 0, inv:1, sop_in: 0, x_re:     1, x_im:     1, valid_out: 1, sop_out: 0, y_re:          -2, y_im:          -1
clk: 1, rst_n: 1, valid_in: 0, inv:1, sop_in: 0, x_re:     1, x_im:     1, valid_out: 1, sop_out: 0, y_re:          -2, y_im:          -1
clk: 1, rst_n: 1, valid_in: 0, inv:1, sop_in: 0, x_re:     1, x_im:     1, valid_out: 1, sop_out: 0, y_re:          -2, y_im:          -1
clk: 1, rst_n: 1, valid_in: 0, inv:1, sop_in: 0, x_re:     1, x_im:     1, valid_out: 1, sop_out: 0, y_re:          -2, y_im:          -1
clk: 1, rst_n: 1, valid_in: 0, inv:1, sop_in: 0, x_re:     1, x_im:     1, valid_out: 1, sop_out: 0, y_re:          -2, y_im:          -1
clk: 1, rst_n: 1, valid_in: 0, inv:1, sop_in: 0, x_re:     1, x_im:     1, valid_out: 1, sop_out: 0, y_re:          -2, y_im:          -1
clk: 1, rst_n: 1, valid_in: 0, inv:1, sop_in: 0, x_re:     1, x_im:     1, valid_out: 1, sop_out: 0, y_re:          -2, y_im:          -1
clk: 1, rst_n: 1, valid_in: 0, inv:1, sop_in: 0, x_re:     1, x_im:     1, valid_out: 1, sop_out: 0, y_re:          -2, y_im:          -1
clk: 1, rst_n: 1, valid_in: 0, inv:1, sop_in: 0, x_re:     1, x_im:     1, valid_out: 1, sop_out: 0, y_re:          -2, y_im:          -1
clk: 1, rst_n: 1, valid_in: 0, inv:1, sop_in: 0, x_re:     1, x_im:     1, valid_out: 1, sop_out: 0, y_re:          -2, y_im:          -1
clk: 1, rst_n: 1, valid_in: 0, inv:1, sop_in: 0, x_re:     1, x_im:     1, valid_out: 1, sop_out: 0, y_re:          -2, y_im:          -1
clk: 1, rst_n: 1, valid_in: 0, inv:1, sop_in: 0, x_re:     1, x_im:     1, valid_out: 1, sop_out: 0, y_re:          -2, y_im:          -1
clk: 1, rst_n: 1, valid_in: 0, inv:1, sop_in: 0, x_re:     1, x_im:     1, valid_out: 1, sop_out: 0, y_re:          -2, y_im:          -1
clk: 1, rst_n: 1, valid_in: 0, inv:1, sop_in: 0, x_re:     1, x_im:     1, valid_out: 1, sop_out: 0, y_re:          -2, y_im:          -1
clk: 1, rst_n: 1, valid_in: 0, inv:1, sop_in: 0, x_re:     1, x_im:     1, valid_out: 1, sop_out: 0, y_re:          -2, y_im:          -1
clk: 1, rst_n: 1, valid_in: 0, inv:1, sop_in: 0, x_re:     1, x_im:     1, valid_out: 1, sop_out: 0, y_re:          -2, y_im:           0
clk: 1, rst_n: 1, valid_in: 0, inv:1, sop_in: 0, x_re:     1, x_im:     1, valid_out: 1, sop_out: 0, y_re:          -1, y_im:           0
clk: 1, rst_n: 1, valid_in: 0, inv:1, sop_in: 0, x_re:     1, x_im:     1, valid_out: 1, sop_out: 0, y_re:          -1, y_im:           0
clk: 1, rst_n: 1, valid_in: 0, inv:1, sop_in: 0, x_re:     1, x_im:     1, valid_out: 1, sop_out: 0, y_re:          -1, y_im:           0
clk: 1, rst_n: 1, valid_in: 0, inv:1, sop_in: 0, x_re:     1, x_im:     1, valid_out: 1, sop_out: 0, y_re:          -1, y_im:           0
clk: 1, rst_n: 1, valid_in: 0, inv:1, sop_in: 0, x_re:     1, x_im:     1, valid_out: 1, sop_out: 0, y_re:          -1, y_im:           0
clk: 1, rst_n: 1, valid_in: 0, inv:1, sop_in: 0, x_re:     1, x_im:     1, valid_out: 1, sop_out: 0, y_re:          -1, y_im:           0
clk: 1, rst_n: 1, valid_in: 0, inv:1, sop_in: 0, x_re:     1, x_im:     1, valid_out: 1, sop_out: 0, y_re:          -1, y_im:           0
clk: 1, rst_n: 1, valid_in: 0, inv:1, sop_in: 0, x_re:     1, x_im:     1, valid_out: 1, sop_out: 0, y_re:          -1, y_im:           0
clk: 1, rst_n: 1, valid_in: 0, inv:1, sop_in: 0, x_re:     1, x_im:     1, valid_out: 1, sop_out: 0, y_re:          -1, y_im:           0
clk: 1, rst_n: 1, valid_in: 0, inv:1, sop_in: 0, x_re:     1, x_im:     1, valid_out: 1, sop_out: 0, y_re:          -1, y_im:           0
clk: 1, rst_n: 1, valid_in: 0, inv:1, sop_in: 0, x_re:     1, x_im:     1, valid_out: 1, sop_out: 0, y_re:          -1, y_im:           0
clk: 1, rst_n: 1, valid_in: 0, inv:1, sop_in: 0, x_re:     1, x_im:     1, valid_out: 1, sop_out: 0, y_re:          -1, y_im:           0
clk: 1, rst_n: 1, valid_in: 0, inv:1, sop_in: 0, x_re:     1, x_im:     1, valid_out: 1, sop_out: 0, y_re:          -1, y_im:           0
clk: 1, rst_n: 1, valid_in: 0, inv:1, sop_in: 0, x_re:     1, x_im:     1, valid_out: 1, sop_out: 0, y_re:          -1, y_im:           0
clk: 1, rst_n: 1, valid_in: 0, inv:1, sop_in: 0, x_re:     1, x_im:     1, valid_out: 1, sop_out: 0, y_re:          -1, y_im:           0
clk: 1, rst_n: 1, valid_in: 0, inv:1, sop_in: 0, x_re:     1, x_im:     1, valid_out: 1, sop_out: 0, y_re:          -1, y_im:           0
clk: 1, rst_n: 1, valid_in: 0, inv:1, sop_in: 0, x_re:     1, x_im:     1, valid_out: 1, sop_out: 0, y_re:          -1, y_im:           0
clk: 1, rst_n: 1, valid_in: 0, inv:1, sop_in: 0, x_re:     1, x_im:     1, valid_out: 1, sop_out: 0, y_re:          -1, y_im:           0
clk: 1, rst_n: 1, valid_in: 0, inv:1, sop_in: 0, x_re:     1, x_im:     1, valid_out: 1, sop_out: 0, y_re:          -1, y_im:           0
clk: 1, rst_n: 1, valid_in: 0, inv:1, sop_in: 0, x_re:     1, x_im:     1, valid_out: 1, sop_out: 0, y_re:          -1, y_im:           0
clk: 1, rst_n: 1, valid_in: 0, inv:1, sop_in: 0, x_re:     1, x_im:     1, valid_out: 1, sop_out: 0, y_re:          -1, y_im:           0
clk: 1, rst_n: 1, valid_in: 0, inv:1, sop_in: 0, x_re:     1, x_im:     1, valid_out: 1, sop_out: 0, y_re:          -1, y_im:           0
clk: 1, rst_n: 1, valid_in: 0, inv:1, sop_in: 0, x_re:     1, x_im:     1, valid_out: 1, sop_out: 0, y_re:          -1, y_im:           0
clk: 1, rst_n: 1, valid_in: 0, inv:1, sop_in: 0, x_re:     1, x_im:     1, valid_out: 1, sop_out: 0, y_re:          -1, y_im:           0
clk: 1, rst_n: 1, valid_in: 0, inv:1, sop_in: 0, x_re:     1, x_im:     1, valid_out: 1, sop_out: 0, y_re:          -1, y_im:           0
clk: 1, rst_n: 1, valid_in: 0, inv:1, sop_in: 0, x_re:     1, x_im:     1, valid_out: 1, sop_out: 0, y_re:          -1, y_im:           0
clk: 1, rst_n: 1, valid_in: 0, inv:1, sop_in: 0, x_re:     1, x_im:     1, valid_out: 1, sop_out: 0, y_re:          -1, y_im:           0
clk: 1, rst_n: 1, valid_in: 0, inv:1, sop_in: 0, x_re:     1, x_im:     1, valid_out: 1, sop_out: 0, y_re:          -1, y_im:           0
clk: 1, rst_n: 1, valid_in: 0, inv:1, sop_in: 0, x_re:     1, x_im:     1, valid_out: 1, sop_out: 0, y_re:          -1, y_im:           0
clk: 1, rst_n: 1, valid_in: 0, inv:1, sop_in: 0, x_re:     1, x_im:     1, valid_out: 1, sop_out: 0, y_re:          -1, y_im:           0
clk: 1, rst_n: 1, valid_in: 0, inv:1, sop_in: 0, x_re:     1, x_im:     1, valid_out: 1, sop_out: 0, y_re:          -1, y_im:           0
clk: 1, rst_n: 1, valid_in: 0, inv:1, sop_in: 0, x_re:     1, x_im:     1, valid_out: 1, sop_out: 0, y_re:          -1, y_im:           0
clk: 1, rst_n: 1, valid_in: 0, inv:1, sop_in: 0, x_re:     1, x_im:     1, valid_out: 1, sop_out: 0, y_re:          -1, y_im:           0
clk: 1, rst_n: 1, valid_in: 0, inv:1, sop_in: 0, x_re:     1, x_im:     1, valid_out: 1, sop_out: 0, y_re:          -1, y_im:           0
clk: 1, rst_n: 1, valid_in: 0, inv:1, sop_in: 0, x_re:     1, x_im:     1, valid_out: 1, sop_out: 0, y_re:          -1, y_im:           0
clk: 1, rst_n: 1, valid_in: 0, inv:1, sop_in: 0, x_re:     1, x_im:     1, valid_out: 1, sop_out: 0, y_re:          -1, y_im:           0
clk: 1, rst_n: 1, valid_in: 0, inv:1, sop_in: 0, x_re:     1, x_im:     1, valid_out: 1, sop_out: 0, y_re:          -1, y_im:           0
clk: 1, rst_n: 1, valid_in: 0, inv:1, sop_in: 0, x_re:     1, x_im:     1, valid_out: 1, sop_out: 0, y_re:          -1, y_im:           0
clk: 1, rst_n: 1, valid_in: 0, inv:1, sop_in: 0, x_re:     1, x_im:     1, valid_out: 1, sop_out: 0, y_re:          -1, y_im:           0
clk: 1, rst_n: 1, valid_in: 0, inv:1, sop_in: 0, x_re:     1, x_im:     1, valid_out: 1, sop_out: 0, y_re:          -1, y_im:           0
clk: 1, rst_n: 1, valid_in: 0, inv:1, sop_in: 0, x_re:     1, x_im:     1, valid_out: 1, sop_out: 0, y_re:          -1, y_im:           0
clk: 1, rst_n: 1, valid_in: 0, inv:1, sop_in: 0, x_re:     1, x_im:     1, valid_out: 1, sop_out: 0, y_re:          -1, y_im:           0
clk: 1, rst_n: 1, valid_in: 0, inv:1, sop_in: 0, x_re:     1, x_im:     1, valid_out: 1, sop_out: 0, y_re:           0, y_im:           0
clk: 1, rst_n: 1, valid_in: 0, inv:1, sop_in: 0, x_re:     1, x_im:     1, valid_out: 1, sop_out: 0, y_re:           0, y_im:           0
clk: 1, rst_n: 1, valid_in: 0, inv:1, sop_in: 0, x_re:     1, x_im:     1, valid_out: 1, sop_out: 0, y_re:           0, y_im:           0
clk: 1, rst_n: 1, valid_in: 0, inv:1, sop_in: 0, x_re:     1, x_im:     1, valid_out: 1, sop_out: 0, y_re:           0, y_im:           0
clk: 1, rst_n: 1, valid_in: 0, inv:1, sop_in: 0, x_re:     1, x_im:     1, valid_out: 1, sop_out: 0, y_re:           0, y_im:           0
clk: 1, rst_n: 1, valid_in: 0, inv:1, sop_in: 0, x_re:     1, x_im:     1, valid_out: 1, sop_out: 0, y_re:           0, y_im:           0
clk: 1, rst_n: 1, valid_in: 0, inv:1, sop_in: 0, x_re:     1, x_im:     1, valid_out: 1, sop_out: 0, y_re:           0, y_im:           0
clk: 1, rst_n: 1, valid_in: 0, inv:1, sop_in: 0, x_re:     1, x_im:     1, valid_out: 1, sop_out: 0, y_re:           0, y_im:           0
clk: 1, rst_n: 1, valid_in: 0, inv:1, sop_in: 0, x_re:     1, x_im:     1, valid_out: 1, sop_out: 0, y_re:           0, y_im:           0
clk: 1, rst_n: 1, valid_in: 0, inv:1, sop_in: 0, x_re:     1, x_im:     1, valid_out: 1, sop_out: 0, y_re:           0, y_im:           0
clk: 1, rst_n: 1, valid_in: 0, inv:1, sop_in: 0, x_re:     1, x_im:     1, valid_out: 1, sop_out: 0, y_re:           0, y_im:           0
clk: 1, rst_n: 1, valid_in: 0, inv:1, sop_in: 0, x_re:     1, x_im:     1, valid_out: 1, sop_out: 0, y_re:           0, y_im:           0
clk: 1, rst_n: 1, valid_in: 0, inv:1, sop_in: 0, x_re:     1, x_im:     1, valid_out: 1, sop_out: 0, y_re:           0, y_im:           0
clk: 1, rst_n: 1, valid_in: 0, inv:1, sop_in: 0, x_re:     1, x_im:     1, valid_out: 1, sop_out: 0, y_re:           0, y_im:           0
clk: 1, rst_n: 1, valid_in: 0, inv:1, sop_in: 0, x_re:     1, x_im:     1, valid_out: 1, sop_out: 0, y_re:           0, y_im:           0
clk: 1, rst_n: 1, valid_in: 0, inv:1, sop_in: 0, x_re:     1, x_im:     1, valid_out: 1, sop_out: 0, y_re:           0, y_im:           0
clk: 1, rst_n: 1, valid_in: 0, inv:1, sop_in: 0, x_re:     1, x_im:     1, valid_out: 1, sop_out: 0, y_re:           0, y_im:           0
clk: 1, rst_n: 1, valid_in: 0, inv:1, sop_in: 0, x_re:     1, x_im:     1, valid_out: 1, sop_out: 0, y_re:           0, y_im:           0
clk: 1, rst_n: 1, valid_in: 0, inv:1, sop_in: 0, x_re:     1, x_im:     1, valid_out: 1, sop_out: 0, y_re:           0, y_im:           0
clk: 1, rst_n: 1, valid_in: 0, inv:1, sop_in: 0, x_re:     1, x_im:     1, valid_out: 1, sop_out: 0, y_re:           0, y_im:           0
clk: 1, rst_n: 1, valid_in: 0, inv:1, sop_in: 0, x_re:     1, x_im:     1, valid_out: 1, sop_out: 0, y_re:           0, y_im:           0
clk: 1, rst_n: 1, valid_in: 0, inv:1, sop_in: 0, x_re:     1, x_im:     1, valid_out: 1, sop_out: 0, y_re:           0, y_im:           0
clk: 1, rst_n: 1, valid_in: 0, inv:1, sop_in: 0, x_re:     1, x_im:     1, valid_out: 1, sop_out: 0, y_re:           0, y_im:           0
clk: 1, rst_n: 1, valid_in: 0, inv:1, sop_in: 0, x_re:     1, x_im:     1, valid_out: 1, sop_out: 0, y_re:           0, y_im:           0
clk: 1, rst_n: 1, valid_in: 0, inv:1, sop_in: 0, x_re:     1, x_im:     1, valid_out: 1, sop_out: 0, y_re:           0, y_im:           0
clk: 1, rst_n: 1, valid_in: 0, inv:1, sop_in: 0, x_re:     1, x_im:     1, valid_out: 1, sop_out: 0, y_re:           0, y_im:           0
clk: 1, rst_n: 1, valid_in: 0, inv:1, sop_in: 0, x_re:     1, x_im:     1, valid_out: 1, sop_out: 0, y_re:           0, y_im:           0
clk: 1, rst_n: 1, valid_in: 0, inv:1, sop_in: 0, x_re:     1, x_im:     1, valid_out: 1, sop_out: 0, y_re:           0, y_im:           0
clk: 1, rst_n: 1, valid_in: 0, inv:1, sop_in: 0, x_re:     1, x_im:     1, valid_out: 1, sop_out: 0, y_re:           0, y_im:           0
clk: 1, rst_n: 1, valid_in: 0, inv:1, sop_in: 0, x_re:     1, x_im:     1, valid_out: 1, sop_out: 0, y_re:           0, y_im:           0
clk: 1, rst_n: 1, valid_in: 0, inv:1, sop_in: 0, x_re:     1, x_im:     1, valid_out: 1, sop_out: 0, y_re:           0, y_im:           0
clk: 1, rst_n: 1, valid_in: 0, inv:1, sop_in: 0, x_re:     1, x_im:     1, valid_out: 1, sop_out: 0, y_re:           0, y_im:           0
clk: 1, rst_n: 1, valid_in: 0, inv:1, sop_in: 0, x_re:     1, x_im:     1, valid_out: 1, sop_out: 0, y_re:           0, y_im:           0
clk: 1, rst_n: 1, valid_in: 0, inv:1, sop_in: 0, x_re:     1, x_im:     1, valid_out: 1, sop_out: 0, y_re:           0, y_im:           0
clk: 1, rst_n: 1, valid_in: 0, inv:1, sop_in: 0, x_re:     1, x_im:     1, valid_out: 1, sop_out: 0, y_re:           0, y_im:           0
clk: 1, rst_n: 1, valid_in: 0, inv:1, sop_in: 0, x_re:     1, x_im:     1, valid_out: 1, sop_out: 0, y_re:           0, y_im:           0
clk: 1, rst_n: 1, valid_in: 0, inv:1, sop_in: 0, x_re:     1, x_im:     1, valid_out: 1, sop_out: 0, y_re:           0, y_im:           0
clk: 1, rst_n: 1, valid_in: 0, inv:1, sop_in: 0, x_re:     1, x_im:     1, valid_out: 1, sop_out: 0, y_re:           0, y_im:           0
clk: 1, rst_n: 1, valid_in: 0, inv:1, sop_in: 0, x_re:     1, x_im:     1, valid_out: 1, sop_out: 0, y_re:           0, y_im:           0
clk: 1, rst_n: 1, valid_in: 0, inv:1, sop_in: 0, x_re:     1, x_im:     1, valid_out: 1, sop_out: 0, y_re:           0, y_im:           0
clk: 1, rst_n: 1, valid_in: 0, inv:1, sop_in: 0, x_re:     1, x_im:     1, valid_out: 1, sop_out: 0, y_re:           0, y_im:           0
clk: 1, rst_n: 1, valid_in: 0, inv:1, sop_in: 0, x_re:     1, x_im:     1, valid_out: 1, sop_out: 0, y_re:           0, y_im:           0
clk: 1, rst_n: 1, valid_in: 0, inv:1, sop_in: 0, x_re:     1, x_im:     1, valid_out: 1, sop_out: 0, y_re:           0, y_im:           0
clk: 1, rst_n: 1, valid_in: 0, inv:1, sop_in: 0, x_re:     1, x_im:     1, valid_out: 1, sop_out: 0, y_re:           0, y_im:          -1
clk: 1, rst_n: 1, valid_in: 0, inv:1, sop_in: 0, x_re:     1, x_im:     1, valid_out: 1, sop_out: 0, y_re:           0, y_im:          -1
clk: 1, rst_n: 1, valid_in: 0, inv:1, sop_in: 0, x_re:     1, x_im:     1, valid_out: 1, sop_out: 0, y_re:           0, y_im:          -1
clk: 1, rst_n: 1, valid_in: 0, inv:1, sop_in: 0, x_re:     1, x_im:     1, valid_out: 1, sop_out: 0, y_re:           0, y_im:          -1
clk: 1, rst_n: 1, valid_in: 0, inv:1, sop_in: 0, x_re:     1, x_im:     1, valid_out: 1, sop_out: 0, y_re:           0, y_im:          -1
clk: 1, rst_n: 1, valid_in: 0, inv:1, sop_in: 0, x_re:     1, x_im:     1, valid_out: 1, sop_out: 0, y_re:           0, y_im:          -1
clk: 1, rst_n: 1, valid_in: 0, inv:1, sop_in: 0, x_re:     1, x_im:     1, valid_out: 1, sop_out: 0, y_re:           0, y_im:          -1
clk: 1, rst_n: 1, valid_in: 0, inv:1, sop_in: 0, x_re:     1, x_im:     1, valid_out: 1, sop_out: 0, y_re:           0, y_im:          -1
clk: 1, rst_n: 1, valid_in: 0, inv:1, sop_in: 0, x_re:     1, x_im:     1, valid_out: 1, sop_out: 0, y_re:           0, y_im:          -1
clk: 1, rst_n: 1, valid_in: 0, inv:1, sop_in: 0, x_re:     1, x_im:     1, valid_out: 1, sop_out: 0, y_re:           0, y_im:          -1
clk: 1, rst_n: 1, valid_in: 0, inv:1, sop_in: 0, x_re:     1, x_im:     1, valid_out: 1, sop_out: 0, y_re:           0, y_im:          -1
clk: 1, rst_n: 1, valid_in: 0, inv:1, sop_in: 0, x_re:     1, x_im:     1, valid_out: 1, sop_out: 0, y_re:           0, y_im:          -1
clk: 1, rst_n: 1, valid_in: 0, inv:1, sop_in: 0, x_re:     1, x_im:     1, valid_out: 1, sop_out: 0, y_re:           0, y_im:          -1
clk: 1, rst_n: 1, valid_in: 0, inv:1, sop_in: 0, x_re:     1, x_im:     1, valid_out: 1, sop_out: 0, y_re:           0, y_im:          -1
clk: 1, rst_n: 1, valid_in: 0, inv:1, sop_in: 0, x_re:     1, x_im:     1, valid_out: 1, sop_out: 0, y_re:           0, y_im:          -1
clk: 1, rst_n: 1, valid_in: 0, inv:1, sop_in: 0, x_re:     1, x_im:     1, valid_out: 1, sop_out: 0, y_re:           0, y_im:          -1
clk: 1, rst_n: 1, valid_in: 0, inv:1, sop_in: 0, x_re:     1, x_im:     1, valid_out: 1, sop_out: 0, y_re:           0, y_im:          -1
clk: 1, rst_n: 1, valid_in: 0, inv:1, sop_in: 0, x_re:     1, x_im:     1, valid_out: 1, sop_out: 0, y_re:           0, y_im:          -1
clk: 1, rst_n: 1, valid_in: 0, inv:1, sop_in: 0, x_re:     1, x_im:     1, valid_out: 1, sop_out: 0, y_re:           0, y_im:          -1
clk: 1, rst_n: 1, valid_in: 0, inv:1, sop_in: 0, x_re:     1, x_im:     1, valid_out: 1, sop_out: 0, y_re:           0, y_im:          -1
clk: 1, rst_n: 1, valid_in: 0, inv:1, sop_in: 0, x_re:     1, x_im:     1, valid_out: 1, sop_out: 0, y_re:           0, y_im:          -1
clk: 1, rst_n: 1, valid_in: 0, inv:1, sop_in: 0, x_re:     1, x_im:     1, valid_out: 1, sop_out: 0, y_re:           0, y_im:          -1
clk: 1, rst_n: 1, valid_in: 0, inv:1, sop_in: 0, x_re:     1, x_im:     1, valid_out: 1, sop_out: 0, y_re:           0, y_im:          -1
clk: 1, rst_n: 1, valid_in: 0, inv:1, sop_in: 0, x_re:     1, x_im:     1, valid_out: 1, sop_out: 0, y_re:           0, y_im:          -1
clk: 1, rst_n: 1, valid_in: 0, inv:1, sop_in: 0, x_re:     1, x_im:     1, valid_out: 1, sop_out: 0, y_re:           0, y_im:          -1
clk: 1, rst_n: 1, valid_in: 0, inv:1, sop_in: 0, x_re:     1, x_im:     1, valid_out: 1, sop_out: 0, y_re:           0, y_im:          -1
clk: 1, rst_n: 1, valid_in: 0, inv:1, sop_in: 0, x_re:     1, x_im:     1, valid_out: 1, sop_out: 0, y_re:           0, y_im:          -1
clk: 1, rst_n: 1, valid_in: 0, inv:1, sop_in: 0, x_re:     1, x_im:     1, valid_out: 1, sop_out: 0, y_re:           0, y_im:          -1
clk: 1, rst_n: 1, valid_in: 0, inv:1, sop_in: 0, x_re:     1, x_im:     1, valid_out: 1, sop_out: 0, y_re:           0, y_im:          -1
clk: 1, rst_n: 1, valid_in: 0, inv:1, sop_in: 0, x_re:     1, x_im:     1, valid_out: 1, sop_out: 0, y_re:           0, y_im:          -1
clk: 1, rst_n: 1, valid_in: 0, inv:1, sop_in: 0, x_re:     1, x_im:     1, valid_out: 1, sop_out: 0, y_re:           0, y_im:          -1
clk: 1, rst_n: 1, valid_in: 0, inv:1, sop_in: 0, x_re:     1, x_im:     1, valid_out: 1, sop_out: 0, y_re:           0, y_im:          -1
clk: 1, rst_n: 1, valid_in: 0, inv:1, sop_in: 0, x_re:     1, x_im:     1, valid_out: 1, sop_out: 0, y_re:           0, y_im:          -1
clk: 1, rst_n: 1, valid_in: 0, inv:1, sop_in: 0, x_re:     1, x_im:     1, valid_out: 1, sop_out: 0, y_re:           0, y_im:          -1
clk: 1, rst_n: 1, valid_in: 0, inv:1, sop_in: 0, x_re:     1, x_im:     1, valid_out: 1, sop_out: 0, y_re:           0, y_im:          -1
clk: 1, rst_n: 1, valid_in: 0, inv:1, sop_in: 0, x_re:     1, x_im:     1, valid_out: 1, sop_out: 0, y_re:           0, y_im:          -1
clk: 1, rst_n: 1, valid_in: 0, inv:1, sop_in: 0, x_re:     1, x_im:     1, valid_out: 1, sop_out: 0, y_re:           0, y_im:          -1
clk: 1, rst_n: 1, valid_in: 0, inv:1, sop_in: 0, x_re:     1, x_im:     1, valid_out: 1, sop_out: 0, y_re:           0, y_im:          -1
clk: 1, rst_n: 1, valid_in: 0, inv:1, sop_in: 0, x_re:     1, x_im:     1, valid_out: 1, sop_out: 0, y_re:           0, y_im:          -1
clk: 1, rst_n: 1, valid_in: 0, inv:1, sop_in: 0, x_re:     1, x_im:     1, valid_out: 1, sop_out: 0, y_re:           0, y_im:          -1
clk: 1, rst_n: 1, valid_in: 0, inv:1, sop_in: 0, x_re:     1, x_im:     1, valid_out: 1, sop_out: 0, y_re:           0, y_im:          -1
clk: 1, rst_n: 1, valid_in: 0, inv:1, sop_in: 0, x_re:     1, x_im:     1, valid_out: 1, sop_out: 0, y_re:           0, y_im:          -2
clk: 1, rst_n: 1, valid_in: 0, inv:1, sop_in: 0, x_re:     1, x_im:     1, valid_out: 1, sop_out: 0, y_re:           0, y_im:          -2
clk: 1, rst_n: 1, valid_in: 0, inv:1, sop_in: 0, x_re:     1, x_im:     1, valid_out: 1, sop_out: 0, y_re:          -1, y_im:          -2
clk: 1, rst_n: 1, valid_in: 0, inv:1, sop_in: 0, x_re:     1, x_im:     1, valid_out: 1, sop_out: 0, y_re:          -1, y_im:          -2
clk: 1, rst_n: 1, valid_in: 0, inv:1, sop_in: 0, x_re:     1, x_im:     1, valid_out: 1, sop_out: 0, y_re:          -1, y_im:          -2
clk: 1, rst_n: 1, valid_in: 0, inv:1, sop_in: 0, x_re:     1, x_im:     1, valid_out: 1, sop_out: 0, y_re:          -1, y_im:          -2
clk: 1, rst_n: 1, valid_in: 0, inv:1, sop_in: 0, x_re:     1, x_im:     1, valid_out: 1, sop_out: 0, y_re:          -1, y_im:          -2
clk: 1, rst_n: 1, valid_in: 0, inv:1, sop_in: 0, x_re:     1, x_im:     1, valid_out: 1, sop_out: 0, y_re:          -1, y_im:          -2
clk: 1, rst_n: 1, valid_in: 0, inv:1, sop_in: 0, x_re:     1, x_im:     1, valid_out: 1, sop_out: 0, y_re:          -1, y_im:          -2
clk: 1, rst_n: 1, valid_in: 0, inv:1, sop_in: 0, x_re:     1, x_im:     1, valid_out: 1, sop_out: 0, y_re:          -1, y_im:          -2
clk: 1, rst_n: 1, valid_in: 0, inv:1, sop_in: 0, x_re:     1, x_im:     1, valid_out: 1, sop_out: 0, y_re:          -1, y_im:          -2
clk: 1, rst_n: 1, valid_in: 0, inv:1, sop_in: 0, x_re:     1, x_im:     1, valid_out: 1, sop_out: 0, y_re:          -1, y_im:          -2
clk: 1, rst_n: 1, valid_in: 0, inv:1, sop_in: 0, x_re:     1, x_im:     1, valid_out: 1, sop_out: 0, y_re:          -1, y_im:          -2
clk: 1, rst_n: 1, valid_in: 0, inv:1, sop_in: 0, x_re:     1, x_im:     1, valid_out: 1, sop_out: 0, y_re:          -1, y_im:          -2
clk: 1, rst_n: 1, valid_in: 0, inv:1, sop_in: 0, x_re:     1, x_im:     1, valid_out: 1, sop_out: 0, y_re:          -1, y_im:          -2
clk: 1, rst_n: 1, valid_in: 0, inv:1, sop_in: 0, x_re:     1, x_im:     1, valid_out: 1, sop_out: 0, y_re:          -1, y_im:          -2
clk: 1, rst_n: 1, valid_in: 0, inv:1, sop_in: 0, x_re:     1, x_im:     1, valid_out: 1, sop_out: 0, y_re:          -1, y_im:          -2
clk: 1, rst_n: 1, valid_in: 0, inv:1, sop_in: 0, x_re:     1, x_im:     1, valid_out: 1, sop_out: 0, y_re:          -1, y_im:          -2
clk: 1, rst_n: 1, valid_in: 0, inv:1, sop_in: 0, x_re:     1, x_im:     1, valid_out: 1, sop_out: 0, y_re:          -1, y_im:          -2
clk: 1, rst_n: 1, valid_in: 0, inv:1, sop_in: 0, x_re:     1, x_im:     1, valid_out: 1, sop_out: 0, y_re:          -1, y_im:          -2
clk: 1, rst_n: 1, valid_in: 0, inv:1, sop_in: 0, x_re:     1, x_im:     1, valid_out: 1, sop_out: 0, y_re:          -1, y_im:          -2
clk: 1, rst_n: 1, valid_in: 0, inv:1, sop_in: 0, x_re:     1, x_im:     1, valid_out: 1, sop_out: 0, y_re:          -1, y_im:          -2
clk: 1, rst_n: 1, valid_in: 0, inv:1, sop_in: 0, x_re:     1, x_im:     1, valid_out: 1, sop_out: 0, y_re:          -1, y_im:          -2
clk: 1, rst_n: 1, valid_in: 0, inv:1, sop_in: 0, x_re:     1, x_im:     1, valid_out: 1, sop_out: 0, y_re:          -2, y_im:          -2
clk: 1, rst_n: 1, valid_in: 0, inv:1, sop_in: 0, x_re:     1, x_im:     1, valid_out: 1, sop_out: 0, y_re:          -2, y_im:          -1
clk: 1, rst_n: 1, valid_in: 0, inv:1, sop_in: 0, x_re:     1, x_im:     1, valid_out: 1, sop_out: 0, y_re:          -2, y_im:          -1
clk: 1, rst_n: 1, valid_in: 0, inv:1, sop_in: 0, x_re:     1, x_im:     1, valid_out: 1, sop_out: 0, y_re:          -2, y_im:          -1
clk: 1, rst_n: 1, valid_in: 0, inv:1, sop_in: 0, x_re:     1, x_im:     1, valid_out: 1, sop_out: 0, y_re:          -2, y_im:          -1
clk: 1, rst_n: 1, valid_in: 0, inv:1, sop_in: 0, x_re:     1, x_im:     1, valid_out: 1, sop_out: 0, y_re:          -2, y_im:          -1
clk: 1, rst_n: 1, valid_in: 0, inv:1, sop_in: 0, x_re:     1, x_im:     1, valid_out: 1, sop_out: 0, y_re:          -2, y_im:          -1
clk: 1, rst_n: 1, valid_in: 0, inv:1, sop_in: 0, x_re:     1, x_im:     1, valid_out: 1, sop_out: 0, y_re:          -2, y_im:          -1
clk: 1, rst_n: 1, valid_in: 0, inv:1, sop_in: 0, x_re:     1, x_im:     1, valid_out: 1, sop_out: 0, y_re:          -2, y_im:          -1
clk: 1, rst_n: 1, valid_in: 0, inv:1, sop_in: 0, x_re:     1, x_im:     1, valid_out: 1, sop_out: 0, y_re:          -2, y_im:          -1
clk: 1, rst_n: 1, valid_in: 0, inv:1, sop_in: 0, x_re:     1, x_im:     1, valid_out: 1, sop_out: 0, y_re:          -2, y_im:          -1
clk: 1, rst_n: 1, valid_in: 0, inv:1, sop_in: 0, x_re:     1, x_im:     1, valid_out: 1, sop_out: 0, y_re:          -2, y_im:          -1
clk: 1, rst_n: 1, valid_in: 0, inv:1, sop_in: 0, x_re:     1, x_im:     1, valid_out: 1, sop_out: 0, y_re:          -2, y_im:          -1
clk: 1, rst_n: 1, valid_in: 0, inv:1, sop_in: 0, x_re:     1, x_im:     1, valid_out: 1, sop_out: 0, y_re:          -2, y_im:          -1
clk: 1, rst_n: 1, valid_in: 0, inv:1, sop_in: 0, x_re:     1, x_im:     1, valid_out: 1, sop_out: 0, y_re:          -3, y_im:          -1
clk: 1, rst_n: 1, valid_in: 0, inv:1, sop_in: 0, x_re:     1, x_im:     1, valid_out: 1, sop_out: 0, y_re:          -3, y_im:          -1
clk: 1, rst_n: 1, valid_in: 0, inv:1, sop_in: 0, x_re:     1, x_im:     1, valid_out: 1, sop_out: 0, y_re:          -3, y_im:          -1
clk: 1, rst_n: 1, valid_in: 0, inv:1, sop_in: 0, x_re:     1, x_im:     1, valid_out: 1, sop_out: 0, y_re:          -3, y_im:          -1
clk: 1, rst_n: 1, valid_in: 0, inv:1, sop_in: 0, x_re:     1, x_im:     1, valid_out: 1, sop_out: 0, y_re:          -3, y_im:          -1
clk: 1, rst_n: 1, valid_in: 0, inv:1, sop_in: 0, x_re:     1, x_im:     1, valid_out: 1, sop_out: 0, y_re:          -3, y_im:          -1
clk: 1, rst_n: 1, valid_in: 0, inv:1, sop_in: 0, x_re:     1, x_im:     1, valid_out: 1, sop_out: 0, y_re:          -3, y_im:          -1
clk: 1, rst_n: 1, valid_in: 0, inv:1, sop_in: 0, x_re:     1, x_im:     1, valid_out: 1, sop_out: 0, y_re:          -3, y_im:           0
clk: 1, rst_n: 1, valid_in: 0, inv:1, sop_in: 0, x_re:     1, x_im:     1, valid_out: 1, sop_out: 0, y_re:          -3, y_im:           0
clk: 1, rst_n: 1, valid_in: 0, inv:1, sop_in: 0, x_re:     1, x_im:     1, valid_out: 1, sop_out: 0, y_re:          -4, y_im:           0
clk: 1, rst_n: 1, valid_in: 0, inv:1, sop_in: 0, x_re:     1, x_im:     1, valid_out: 1, sop_out: 0, y_re:          -4, y_im:           0
clk: 1, rst_n: 1, valid_in: 0, inv:1, sop_in: 0, x_re:     1, x_im:     1, valid_out: 1, sop_out: 0, y_re:          -4, y_im:           0
clk: 1, rst_n: 1, valid_in: 0, inv:1, sop_in: 0, x_re:     1, x_im:     1, valid_out: 1, sop_out: 0, y_re:          -4, y_im:           0
clk: 1, rst_n: 1, valid_in: 0, inv:1, sop_in: 0, x_re:     1, x_im:     1, valid_out: 1, sop_out: 0, y_re:          -4, y_im:           0
clk: 1, rst_n: 1, valid_in: 0, inv:1, sop_in: 0, x_re:     1, x_im:     1, valid_out: 1, sop_out: 0, y_re:          -5, y_im:           1
clk: 1, rst_n: 1, valid_in: 0, inv:1, sop_in: 0, x_re:     1, x_im:     1, valid_out: 1, sop_out: 0, y_re:          -5, y_im:           1
clk: 1, rst_n: 1, valid_in: 0, inv:1, sop_in: 0, x_re:     1, x_im:     1, valid_out: 1, sop_out: 0, y_re:          -5, y_im:           1
clk: 1, rst_n: 1, valid_in: 0, inv:1, sop_in: 0, x_re:     1, x_im:     1, valid_out: 1, sop_out: 0, y_re:          -5, y_im:           1
clk: 1, rst_n: 1, valid_in: 0, inv:1, sop_in: 0, x_re:     1, x_im:     1, valid_out: 1, sop_out: 0, y_re:          -6, y_im:           2
clk: 1, rst_n: 1, valid_in: 0, inv:1, sop_in: 0, x_re:     1, x_im:     1, valid_out: 1, sop_out: 0, y_re:          -6, y_im:           2
clk: 1, rst_n: 1, valid_in: 0, inv:1, sop_in: 0, x_re:     1, x_im:     1, valid_out: 1, sop_out: 0, y_re:          -7, y_im:           3
clk: 1, rst_n: 1, valid_in: 0, inv:1, sop_in: 0, x_re:     1, x_im:     1, valid_out: 1, sop_out: 0, y_re:          -8, y_im:           4
clk: 1, rst_n: 1, valid_in: 0, inv:1, sop_in: 0, x_re:     1, x_im:     1, valid_out: 1, sop_out: 0, y_re:          -9, y_im:           5
clk: 1, rst_n: 1, valid_in: 0, inv:1, sop_in: 0, x_re:     1, x_im:     1, valid_out: 1, sop_out: 0, y_re:         -10, y_im:           6
clk: 1, rst_n: 1, valid_in: 0, inv:1, sop_in: 0, x_re:     1, x_im:     1, valid_out: 1, sop_out: 0, y_re:         -12, y_im:           8
clk: 1, rst_n: 1, valid_in: 0, inv:1, sop_in: 0, x_re:     1, x_im:     1, valid_out: 1, sop_out: 0, y_re:         -16, y_im:          12
clk: 1, rst_n: 1, valid_in: 0, inv:1, sop_in: 0, x_re:     1, x_im:     1, valid_out: 1, sop_out: 0, y_re:         -22, y_im:          18
clk: 1, rst_n: 1, valid_in: 0, inv:1, sop_in: 0, x_re:     1, x_im:     1, valid_out: 1, sop_out: 0, y_re:         -43, y_im:          39
$finish called from file "../tb/tb_ifft.v", line 95.
$finish at simulation time                55170
           V C S   S i m u l a t i o n   R e p o r t 
Time: 55170 ns
CPU Time:     45.590 seconds;       Data structure size:   1.4Mb
Tue Feb 18 14:25:38 2025
