#! /opt/homebrew/Cellar/icarus-verilog/12.0/bin/vvp
:ivl_version "12.0 (stable)";
:ivl_delay_selection "TYPICAL";
:vpi_time_precision - 9;
:vpi_module "/opt/homebrew/Cellar/icarus-verilog/12.0/lib/ivl/system.vpi";
:vpi_module "/opt/homebrew/Cellar/icarus-verilog/12.0/lib/ivl/vhdl_sys.vpi";
:vpi_module "/opt/homebrew/Cellar/icarus-verilog/12.0/lib/ivl/vhdl_textio.vpi";
:vpi_module "/opt/homebrew/Cellar/icarus-verilog/12.0/lib/ivl/v2005_math.vpi";
:vpi_module "/opt/homebrew/Cellar/icarus-verilog/12.0/lib/ivl/va_math.vpi";
S_0x143633c30 .scope module, "instdecoder_tb" "instdecoder_tb" 2 4;
 .timescale -9 -9;
v0x14364fa10_0 .var "en", 0 0;
v0x14364faa0_0 .net "inst_flags", 47 0, L_0x143650ac0;  1 drivers
v0x14364fb30_0 .var "instruction_code", 31 0;
v0x14364fbc0_0 .net "invalid_instruction", 0 0, v0x14364f800_0;  1 drivers
v0x14364fc50_0 .net "rd", 4 0, L_0x1436504b0;  1 drivers
v0x14364fd20_0 .net "rs1", 4 0, L_0x1436506f0;  1 drivers
v0x14364fdd0_0 .net "rs2", 4 0, L_0x143650940;  1 drivers
S_0x143606b20 .scope module, "dut" "instruction_decoder" 2 14, 3 52 0, S_0x143633c30;
 .timescale -9 -9;
    .port_info 0 /INPUT 1 "en";
    .port_info 1 /INPUT 32 "instruction_code";
    .port_info 2 /OUTPUT 5 "rd";
    .port_info 3 /OUTPUT 5 "rs1";
    .port_info 4 /OUTPUT 5 "rs2";
    .port_info 5 /OUTPUT 1 "invalid_instruction";
    .port_info 6 /OUTPUT 48 "inst_flags";
v0x143636d00_0 .net *"_ivl_13", 4 0, L_0x143650410;  1 drivers
L_0x138068058 .functor BUFT 1, C4<00000>, C4<0>, C4<0>, C4<0>;
v0x14364cee0_0 .net/2u *"_ivl_14", 4 0, L_0x138068058;  1 drivers
v0x14364cf80_0 .net *"_ivl_19", 4 0, L_0x143650650;  1 drivers
L_0x1380680a0 .functor BUFT 1, C4<00000>, C4<0>, C4<0>, C4<0>;
v0x14364d030_0 .net/2u *"_ivl_20", 4 0, L_0x1380680a0;  1 drivers
v0x14364d0e0_0 .net *"_ivl_25", 4 0, L_0x1436508a0;  1 drivers
L_0x1380680e8 .functor BUFT 1, C4<00000>, C4<0>, C4<0>, C4<0>;
v0x14364d1d0_0 .net/2u *"_ivl_26", 4 0, L_0x1380680e8;  1 drivers
v0x14364d280_0 .net *"_ivl_5", 19 0, L_0x143650020;  1 drivers
L_0x138068010 .functor BUFT 1, C4<00000000000000000000>, C4<0>, C4<0>, C4<0>;
v0x14364d330_0 .net/2u *"_ivl_6", 19 0, L_0x138068010;  1 drivers
v0x14364d3e0_0 .net *"_ivl_8", 19 0, L_0x143650180;  1 drivers
v0x14364d4f0_0 .net "en", 0 0, v0x14364fa10_0;  1 drivers
v0x14364d590_0 .net "funct3", 2 0, L_0x14364ff80;  1 drivers
v0x14364d640_0 .net "imm12_31", 0 0, L_0x143650300;  1 drivers
v0x14364d6e0_0 .var "inst_add", 0 0;
v0x14364d780_0 .var "inst_addi", 0 0;
v0x14364d820_0 .var "inst_and", 0 0;
v0x14364d8c0_0 .var "inst_andi", 0 0;
v0x14364d960_0 .var "inst_auipc", 0 0;
v0x14364daf0_0 .var "inst_beq", 0 0;
v0x14364db80_0 .var "inst_bge", 0 0;
v0x14364dc10_0 .var "inst_bgeu", 0 0;
v0x14364dca0_0 .var "inst_blt", 0 0;
v0x14364dd40_0 .var "inst_bltu", 0 0;
v0x14364dde0_0 .var "inst_bne", 0 0;
v0x14364de80_0 .var "inst_csrrc", 0 0;
v0x14364df20_0 .var "inst_csrrci", 0 0;
v0x14364dfc0_0 .var "inst_csrrs", 0 0;
v0x14364e060_0 .var "inst_csrrsi", 0 0;
v0x14364e100_0 .var "inst_csrrw", 0 0;
v0x14364e1a0_0 .var "inst_csrrwi", 0 0;
v0x14364e240_0 .var "inst_ebreak", 0 0;
v0x14364e2e0_0 .var "inst_ecall", 0 0;
v0x14364e380_0 .net "inst_flags", 47 0, L_0x143650ac0;  alias, 1 drivers
v0x14364e430_0 .var "inst_jal", 0 0;
v0x14364da00_0 .var "inst_jalr", 0 0;
v0x14364e6c0_0 .var "inst_lb", 0 0;
v0x14364e750_0 .var "inst_lbu", 0 0;
v0x14364e7e0_0 .var "inst_lh", 0 0;
v0x14364e870_0 .var "inst_lhu", 0 0;
v0x14364e900_0 .var "inst_lui", 0 0;
v0x14364e990_0 .var "inst_lw", 0 0;
v0x14364ea30_0 .var "inst_mret", 0 0;
v0x14364ead0_0 .var "inst_or", 0 0;
v0x14364eb70_0 .var "inst_ori", 0 0;
v0x14364ec10_0 .var "inst_sb", 0 0;
v0x14364ecb0_0 .var "inst_sh", 0 0;
v0x14364ed50_0 .var "inst_sll", 0 0;
v0x14364edf0_0 .var "inst_slli", 0 0;
v0x14364ee90_0 .var "inst_slt", 0 0;
v0x14364ef30_0 .var "inst_slti", 0 0;
v0x14364efd0_0 .var "inst_sltiu", 0 0;
v0x14364f070_0 .var "inst_sltu", 0 0;
v0x14364f110_0 .var "inst_sra", 0 0;
v0x14364f1b0_0 .var "inst_srai", 0 0;
v0x14364f250_0 .var "inst_sret", 0 0;
v0x14364f2f0_0 .var "inst_srl", 0 0;
v0x14364f390_0 .var "inst_srli", 0 0;
v0x14364f430_0 .var "inst_sub", 0 0;
v0x14364f4d0_0 .var "inst_sw", 0 0;
v0x14364f570_0 .var "inst_wfi", 0 0;
v0x14364f610_0 .var "inst_xor", 0 0;
v0x14364f6b0_0 .var "inst_xori", 0 0;
v0x14364f750_0 .net "instruction_code", 31 0, v0x14364fb30_0;  1 drivers
v0x14364f800_0 .var "invalid_instruction", 0 0;
v0x14364f8a0_0 .net "opcode", 4 0, L_0x14364fe80;  1 drivers
v0x14364f950_0 .net "rd", 4 0, L_0x1436504b0;  alias, 1 drivers
v0x14364e4e0_0 .net "rs1", 4 0, L_0x1436506f0;  alias, 1 drivers
v0x14364e590_0 .net "rs2", 4 0, L_0x143650940;  alias, 1 drivers
E_0x1436231e0 .event anyedge, v0x14364d4f0_0, v0x14364f750_0, v0x14364f8a0_0, v0x14364d590_0;
L_0x14364fe80 .part v0x14364fb30_0, 2, 5;
L_0x14364ff80 .part v0x14364fb30_0, 12, 3;
L_0x143650020 .part v0x14364fb30_0, 12, 20;
L_0x143650180 .functor MUXZ 20, L_0x138068010, L_0x143650020, v0x14364fa10_0, C4<>;
L_0x143650300 .part L_0x143650180, 0, 1;
L_0x143650410 .part v0x14364fb30_0, 7, 5;
L_0x1436504b0 .functor MUXZ 5, L_0x138068058, L_0x143650410, v0x14364fa10_0, C4<>;
L_0x143650650 .part v0x14364fb30_0, 15, 5;
L_0x1436506f0 .functor MUXZ 5, L_0x1380680a0, L_0x143650650, v0x14364fa10_0, C4<>;
L_0x1436508a0 .part v0x14364fb30_0, 20, 5;
L_0x143650940 .functor MUXZ 5, L_0x1380680e8, L_0x1436508a0, v0x14364fa10_0, C4<>;
LS_0x143650ac0_0_0 .concat [ 1 1 1 1], v0x14364daf0_0, v0x14364db80_0, v0x14364dc10_0, v0x14364dca0_0;
LS_0x143650ac0_0_4 .concat [ 1 1 1 1], v0x14364dd40_0, v0x14364dde0_0, v0x14364da00_0, v0x14364e430_0;
LS_0x143650ac0_0_8 .concat [ 1 1 1 1], v0x14364d960_0, v0x14364d780_0, v0x14364d8c0_0, v0x14364eb70_0;
LS_0x143650ac0_0_12 .concat [ 1 1 1 1], v0x14364edf0_0, v0x14364ef30_0, v0x14364efd0_0, v0x14364f1b0_0;
LS_0x143650ac0_0_16 .concat [ 1 1 1 1], v0x14364f390_0, v0x14364f6b0_0, v0x14364d6e0_0, v0x14364d820_0;
LS_0x143650ac0_0_20 .concat [ 1 1 1 1], v0x14364ead0_0, v0x14364ed50_0, v0x14364ee90_0, v0x14364f070_0;
LS_0x143650ac0_0_24 .concat [ 1 1 1 1], v0x14364f110_0, v0x14364f2f0_0, v0x14364f430_0, v0x14364f610_0;
LS_0x143650ac0_0_28 .concat [ 1 1 1 1], v0x14364e900_0, v0x14364e6c0_0, v0x14364e750_0, v0x14364e7e0_0;
LS_0x143650ac0_0_32 .concat [ 1 1 1 1], v0x14364e870_0, v0x14364e990_0, v0x14364ec10_0, v0x14364ecb0_0;
LS_0x143650ac0_0_36 .concat [ 1 1 1 1], v0x14364f4d0_0, v0x14364de80_0, v0x14364df20_0, v0x14364dfc0_0;
LS_0x143650ac0_0_40 .concat [ 1 1 1 1], v0x14364e060_0, v0x14364e100_0, v0x14364e1a0_0, v0x14364e240_0;
LS_0x143650ac0_0_44 .concat [ 1 1 1 1], v0x14364e2e0_0, v0x14364ea30_0, v0x14364f250_0, v0x14364f570_0;
LS_0x143650ac0_1_0 .concat [ 4 4 4 4], LS_0x143650ac0_0_0, LS_0x143650ac0_0_4, LS_0x143650ac0_0_8, LS_0x143650ac0_0_12;
LS_0x143650ac0_1_4 .concat [ 4 4 4 4], LS_0x143650ac0_0_16, LS_0x143650ac0_0_20, LS_0x143650ac0_0_24, LS_0x143650ac0_0_28;
LS_0x143650ac0_1_8 .concat [ 4 4 4 4], LS_0x143650ac0_0_32, LS_0x143650ac0_0_36, LS_0x143650ac0_0_40, LS_0x143650ac0_0_44;
L_0x143650ac0 .concat [ 16 16 16 0], LS_0x143650ac0_1_0, LS_0x143650ac0_1_4, LS_0x143650ac0_1_8;
S_0x143606c90 .scope task, "get_alu1_op" "get_alu1_op" 3 167, 3 167 0, S_0x143606b20;
 .timescale -9 -9;
TD_instdecoder_tb.dut.get_alu1_op ;
    %load/vec4 v0x14364d590_0;
    %dup/vec4;
    %pushi/vec4 0, 0, 3;
    %cmp/u;
    %jmp/1 T_0.0, 6;
    %dup/vec4;
    %pushi/vec4 1, 0, 3;
    %cmp/u;
    %jmp/1 T_0.1, 6;
    %dup/vec4;
    %pushi/vec4 2, 0, 3;
    %cmp/u;
    %jmp/1 T_0.2, 6;
    %dup/vec4;
    %pushi/vec4 3, 0, 3;
    %cmp/u;
    %jmp/1 T_0.3, 6;
    %dup/vec4;
    %pushi/vec4 4, 0, 3;
    %cmp/u;
    %jmp/1 T_0.4, 6;
    %dup/vec4;
    %pushi/vec4 5, 0, 3;
    %cmp/u;
    %jmp/1 T_0.5, 6;
    %dup/vec4;
    %pushi/vec4 6, 0, 3;
    %cmp/u;
    %jmp/1 T_0.6, 6;
    %dup/vec4;
    %pushi/vec4 7, 0, 3;
    %cmp/u;
    %jmp/1 T_0.7, 6;
    %pushi/vec4 1, 0, 1;
    %store/vec4 v0x14364f800_0, 0, 1;
    %jmp T_0.9;
T_0.0 ;
    %pushi/vec4 1, 0, 1;
    %store/vec4 v0x14364d780_0, 0, 1;
    %jmp T_0.9;
T_0.1 ;
    %pushi/vec4 1, 0, 1;
    %store/vec4 v0x14364edf0_0, 0, 1;
    %jmp T_0.9;
T_0.2 ;
    %pushi/vec4 1, 0, 1;
    %store/vec4 v0x14364ef30_0, 0, 1;
    %jmp T_0.9;
T_0.3 ;
    %pushi/vec4 1, 0, 1;
    %store/vec4 v0x14364efd0_0, 0, 1;
    %jmp T_0.9;
T_0.4 ;
    %pushi/vec4 1, 0, 1;
    %store/vec4 v0x14364f6b0_0, 0, 1;
    %jmp T_0.9;
T_0.5 ;
    %load/vec4 v0x14364f750_0;
    %parti/s 1, 30, 6;
    %flag_set/vec4 8;
    %jmp/0 T_0.10, 8;
    %pushi/vec4 0, 0, 1;
    %jmp/1 T_0.11, 8;
T_0.10 ; End of true expr.
    %pushi/vec4 1, 0, 1;
    %jmp/0 T_0.11, 8;
 ; End of false expr.
    %blend;
T_0.11;
    %store/vec4 v0x14364f390_0, 0, 1;
    %load/vec4 v0x14364f750_0;
    %parti/s 1, 30, 6;
    %flag_set/vec4 8;
    %jmp/0 T_0.12, 8;
    %pushi/vec4 1, 0, 1;
    %jmp/1 T_0.13, 8;
T_0.12 ; End of true expr.
    %pushi/vec4 0, 0, 1;
    %jmp/0 T_0.13, 8;
 ; End of false expr.
    %blend;
T_0.13;
    %store/vec4 v0x14364f1b0_0, 0, 1;
    %jmp T_0.9;
T_0.6 ;
    %pushi/vec4 1, 0, 1;
    %store/vec4 v0x14364eb70_0, 0, 1;
    %jmp T_0.9;
T_0.7 ;
    %pushi/vec4 1, 0, 1;
    %store/vec4 v0x14364d8c0_0, 0, 1;
    %jmp T_0.9;
T_0.9 ;
    %pop/vec4 1;
    %end;
S_0x143621a20 .scope task, "get_alu_op" "get_alu_op" 3 145, 3 145 0, S_0x143606b20;
 .timescale -9 -9;
TD_instdecoder_tb.dut.get_alu_op ;
    %load/vec4 v0x14364d590_0;
    %dup/vec4;
    %pushi/vec4 0, 0, 3;
    %cmp/u;
    %jmp/1 T_1.14, 6;
    %dup/vec4;
    %pushi/vec4 1, 0, 3;
    %cmp/u;
    %jmp/1 T_1.15, 6;
    %dup/vec4;
    %pushi/vec4 2, 0, 3;
    %cmp/u;
    %jmp/1 T_1.16, 6;
    %dup/vec4;
    %pushi/vec4 3, 0, 3;
    %cmp/u;
    %jmp/1 T_1.17, 6;
    %dup/vec4;
    %pushi/vec4 4, 0, 3;
    %cmp/u;
    %jmp/1 T_1.18, 6;
    %dup/vec4;
    %pushi/vec4 5, 0, 3;
    %cmp/u;
    %jmp/1 T_1.19, 6;
    %dup/vec4;
    %pushi/vec4 6, 0, 3;
    %cmp/u;
    %jmp/1 T_1.20, 6;
    %dup/vec4;
    %pushi/vec4 7, 0, 3;
    %cmp/u;
    %jmp/1 T_1.21, 6;
    %pushi/vec4 1, 0, 1;
    %store/vec4 v0x14364f800_0, 0, 1;
    %jmp T_1.23;
T_1.14 ;
    %load/vec4 v0x14364f750_0;
    %parti/s 1, 30, 6;
    %flag_set/vec4 8;
    %jmp/0 T_1.24, 8;
    %pushi/vec4 0, 0, 1;
    %jmp/1 T_1.25, 8;
T_1.24 ; End of true expr.
    %pushi/vec4 1, 0, 1;
    %jmp/0 T_1.25, 8;
 ; End of false expr.
    %blend;
T_1.25;
    %store/vec4 v0x14364d6e0_0, 0, 1;
    %load/vec4 v0x14364f750_0;
    %parti/s 1, 30, 6;
    %flag_set/vec4 8;
    %jmp/0 T_1.26, 8;
    %pushi/vec4 1, 0, 1;
    %jmp/1 T_1.27, 8;
T_1.26 ; End of true expr.
    %pushi/vec4 0, 0, 1;
    %jmp/0 T_1.27, 8;
 ; End of false expr.
    %blend;
T_1.27;
    %store/vec4 v0x14364f430_0, 0, 1;
    %jmp T_1.23;
T_1.15 ;
    %pushi/vec4 1, 0, 1;
    %store/vec4 v0x14364ed50_0, 0, 1;
    %jmp T_1.23;
T_1.16 ;
    %pushi/vec4 1, 0, 1;
    %store/vec4 v0x14364ee90_0, 0, 1;
    %jmp T_1.23;
T_1.17 ;
    %pushi/vec4 1, 0, 1;
    %store/vec4 v0x14364f070_0, 0, 1;
    %jmp T_1.23;
T_1.18 ;
    %pushi/vec4 1, 0, 1;
    %store/vec4 v0x14364f610_0, 0, 1;
    %jmp T_1.23;
T_1.19 ;
    %load/vec4 v0x14364f750_0;
    %parti/s 1, 30, 6;
    %flag_set/vec4 8;
    %jmp/0 T_1.28, 8;
    %pushi/vec4 0, 0, 1;
    %jmp/1 T_1.29, 8;
T_1.28 ; End of true expr.
    %pushi/vec4 1, 0, 1;
    %jmp/0 T_1.29, 8;
 ; End of false expr.
    %blend;
T_1.29;
    %store/vec4 v0x14364f2f0_0, 0, 1;
    %load/vec4 v0x14364f750_0;
    %parti/s 1, 30, 6;
    %flag_set/vec4 8;
    %jmp/0 T_1.30, 8;
    %pushi/vec4 1, 0, 1;
    %jmp/1 T_1.31, 8;
T_1.30 ; End of true expr.
    %pushi/vec4 0, 0, 1;
    %jmp/0 T_1.31, 8;
 ; End of false expr.
    %blend;
T_1.31;
    %store/vec4 v0x14364f110_0, 0, 1;
    %jmp T_1.23;
T_1.20 ;
    %pushi/vec4 1, 0, 1;
    %store/vec4 v0x14364ead0_0, 0, 1;
    %jmp T_1.23;
T_1.21 ;
    %pushi/vec4 1, 0, 1;
    %store/vec4 v0x14364d820_0, 0, 1;
    %jmp T_1.23;
T_1.23 ;
    %pop/vec4 1;
    %end;
S_0x143621b90 .scope task, "get_csr_op" "get_csr_op" 3 210, 3 210 0, S_0x143606b20;
 .timescale -9 -9;
TD_instdecoder_tb.dut.get_csr_op ;
    %load/vec4 v0x14364d590_0;
    %dup/vec4;
    %pushi/vec4 1, 0, 3;
    %cmp/u;
    %jmp/1 T_2.32, 6;
    %dup/vec4;
    %pushi/vec4 2, 0, 3;
    %cmp/u;
    %jmp/1 T_2.33, 6;
    %dup/vec4;
    %pushi/vec4 3, 0, 3;
    %cmp/u;
    %jmp/1 T_2.34, 6;
    %dup/vec4;
    %pushi/vec4 5, 0, 3;
    %cmp/u;
    %jmp/1 T_2.35, 6;
    %dup/vec4;
    %pushi/vec4 6, 0, 3;
    %cmp/u;
    %jmp/1 T_2.36, 6;
    %dup/vec4;
    %pushi/vec4 7, 0, 3;
    %cmp/u;
    %jmp/1 T_2.37, 6;
    %pushi/vec4 1, 0, 1;
    %store/vec4 v0x14364f800_0, 0, 1;
    %jmp T_2.39;
T_2.32 ;
    %pushi/vec4 1, 0, 1;
    %store/vec4 v0x14364e100_0, 0, 1;
    %jmp T_2.39;
T_2.33 ;
    %pushi/vec4 1, 0, 1;
    %store/vec4 v0x14364dfc0_0, 0, 1;
    %jmp T_2.39;
T_2.34 ;
    %pushi/vec4 1, 0, 1;
    %store/vec4 v0x14364de80_0, 0, 1;
    %jmp T_2.39;
T_2.35 ;
    %pushi/vec4 1, 0, 1;
    %store/vec4 v0x14364e1a0_0, 0, 1;
    %jmp T_2.39;
T_2.36 ;
    %pushi/vec4 1, 0, 1;
    %store/vec4 v0x14364e060_0, 0, 1;
    %jmp T_2.39;
T_2.37 ;
    %pushi/vec4 1, 0, 1;
    %store/vec4 v0x14364df20_0, 0, 1;
    %jmp T_2.39;
T_2.39 ;
    %pop/vec4 1;
    %end;
S_0x14363eb30 .scope task, "get_jmp_op" "get_jmp_op" 3 131, 3 131 0, S_0x143606b20;
 .timescale -9 -9;
TD_instdecoder_tb.dut.get_jmp_op ;
    %load/vec4 v0x14364d590_0;
    %dup/vec4;
    %pushi/vec4 0, 0, 3;
    %cmp/u;
    %jmp/1 T_3.40, 6;
    %dup/vec4;
    %pushi/vec4 1, 0, 3;
    %cmp/u;
    %jmp/1 T_3.41, 6;
    %dup/vec4;
    %pushi/vec4 4, 0, 3;
    %cmp/u;
    %jmp/1 T_3.42, 6;
    %dup/vec4;
    %pushi/vec4 5, 0, 3;
    %cmp/u;
    %jmp/1 T_3.43, 6;
    %dup/vec4;
    %pushi/vec4 6, 0, 3;
    %cmp/u;
    %jmp/1 T_3.44, 6;
    %dup/vec4;
    %pushi/vec4 7, 0, 3;
    %cmp/u;
    %jmp/1 T_3.45, 6;
    %pushi/vec4 1, 0, 1;
    %store/vec4 v0x14364f800_0, 0, 1;
    %jmp T_3.47;
T_3.40 ;
    %pushi/vec4 1, 0, 1;
    %store/vec4 v0x14364daf0_0, 0, 1;
    %jmp T_3.47;
T_3.41 ;
    %pushi/vec4 1, 0, 1;
    %store/vec4 v0x14364dde0_0, 0, 1;
    %jmp T_3.47;
T_3.42 ;
    %pushi/vec4 1, 0, 1;
    %store/vec4 v0x14364dca0_0, 0, 1;
    %jmp T_3.47;
T_3.43 ;
    %pushi/vec4 1, 0, 1;
    %store/vec4 v0x14364db80_0, 0, 1;
    %jmp T_3.47;
T_3.44 ;
    %pushi/vec4 1, 0, 1;
    %store/vec4 v0x14364dd40_0, 0, 1;
    %jmp T_3.47;
T_3.45 ;
    %pushi/vec4 1, 0, 1;
    %store/vec4 v0x14364dc10_0, 0, 1;
    %jmp T_3.47;
T_3.47 ;
    %pop/vec4 1;
    %end;
S_0x14363eca0 .scope task, "get_mechine_op" "get_mechine_op" 3 224, 3 224 0, S_0x143606b20;
 .timescale -9 -9;
TD_instdecoder_tb.dut.get_mechine_op ;
    %load/vec4 v0x14364f750_0;
    %dup/vec4;
    %pushi/vec4 270532723, 0, 32;
    %cmp/u;
    %jmp/1 T_4.48, 6;
    %dup/vec4;
    %pushi/vec4 273678451, 0, 32;
    %cmp/u;
    %jmp/1 T_4.49, 6;
    %dup/vec4;
    %pushi/vec4 807403635, 0, 32;
    %cmp/u;
    %jmp/1 T_4.50, 6;
    %dup/vec4;
    %pushi/vec4 1048691, 0, 32;
    %cmp/u;
    %jmp/1 T_4.51, 6;
    %dup/vec4;
    %pushi/vec4 115, 0, 32;
    %cmp/u;
    %jmp/1 T_4.52, 6;
    %pushi/vec4 1, 0, 1;
    %store/vec4 v0x14364f800_0, 0, 1;
    %jmp T_4.54;
T_4.48 ;
    %pushi/vec4 1, 0, 1;
    %store/vec4 v0x14364f250_0, 0, 1;
    %jmp T_4.54;
T_4.49 ;
    %pushi/vec4 1, 0, 1;
    %store/vec4 v0x14364f570_0, 0, 1;
    %jmp T_4.54;
T_4.50 ;
    %pushi/vec4 1, 0, 1;
    %store/vec4 v0x14364ea30_0, 0, 1;
    %jmp T_4.54;
T_4.51 ;
    %pushi/vec4 1, 0, 1;
    %store/vec4 v0x14364e2e0_0, 0, 1;
    %jmp T_4.54;
T_4.52 ;
    %pushi/vec4 1, 0, 1;
    %store/vec4 v0x14364e2e0_0, 0, 1;
    %jmp T_4.54;
T_4.54 ;
    %pop/vec4 1;
    %end;
S_0x14363ee10 .scope task, "get_mem_load_op" "get_mem_load_op" 3 186, 3 186 0, S_0x143606b20;
 .timescale -9 -9;
TD_instdecoder_tb.dut.get_mem_load_op ;
    %load/vec4 v0x14364d590_0;
    %dup/vec4;
    %pushi/vec4 0, 0, 3;
    %cmp/u;
    %jmp/1 T_5.55, 6;
    %dup/vec4;
    %pushi/vec4 1, 0, 3;
    %cmp/u;
    %jmp/1 T_5.56, 6;
    %dup/vec4;
    %pushi/vec4 2, 0, 3;
    %cmp/u;
    %jmp/1 T_5.57, 6;
    %dup/vec4;
    %pushi/vec4 4, 0, 3;
    %cmp/u;
    %jmp/1 T_5.58, 6;
    %dup/vec4;
    %pushi/vec4 5, 0, 3;
    %cmp/u;
    %jmp/1 T_5.59, 6;
    %load/vec4 v0x14364f750_0;
    %cmpi/e 0, 0, 32;
    %flag_mov 8, 4;
    %jmp/0 T_5.62, 8;
    %pushi/vec4 0, 0, 1;
    %jmp/1 T_5.63, 8;
T_5.62 ; End of true expr.
    %pushi/vec4 1, 0, 1;
    %jmp/0 T_5.63, 8;
 ; End of false expr.
    %blend;
T_5.63;
    %store/vec4 v0x14364f800_0, 0, 1;
    %jmp T_5.61;
T_5.55 ;
    %pushi/vec4 1, 0, 1;
    %store/vec4 v0x14364e6c0_0, 0, 1;
    %jmp T_5.61;
T_5.56 ;
    %pushi/vec4 1, 0, 1;
    %store/vec4 v0x14364e7e0_0, 0, 1;
    %jmp T_5.61;
T_5.57 ;
    %pushi/vec4 1, 0, 1;
    %store/vec4 v0x14364e990_0, 0, 1;
    %jmp T_5.61;
T_5.58 ;
    %pushi/vec4 1, 0, 1;
    %store/vec4 v0x14364e750_0, 0, 1;
    %jmp T_5.61;
T_5.59 ;
    %pushi/vec4 1, 0, 1;
    %store/vec4 v0x14364e870_0, 0, 1;
    %jmp T_5.61;
T_5.61 ;
    %pop/vec4 1;
    %end;
S_0x14363ef80 .scope task, "get_mem_store_op" "get_mem_store_op" 3 199, 3 199 0, S_0x143606b20;
 .timescale -9 -9;
TD_instdecoder_tb.dut.get_mem_store_op ;
    %load/vec4 v0x14364d590_0;
    %dup/vec4;
    %pushi/vec4 0, 0, 3;
    %cmp/u;
    %jmp/1 T_6.64, 6;
    %dup/vec4;
    %pushi/vec4 1, 0, 3;
    %cmp/u;
    %jmp/1 T_6.65, 6;
    %dup/vec4;
    %pushi/vec4 2, 0, 3;
    %cmp/u;
    %jmp/1 T_6.66, 6;
    %pushi/vec4 1, 0, 1;
    %store/vec4 v0x14364f800_0, 0, 1;
    %jmp T_6.68;
T_6.64 ;
    %pushi/vec4 1, 0, 1;
    %store/vec4 v0x14364ec10_0, 0, 1;
    %jmp T_6.68;
T_6.65 ;
    %pushi/vec4 1, 0, 1;
    %store/vec4 v0x14364ecb0_0, 0, 1;
    %jmp T_6.68;
T_6.66 ;
    %pushi/vec4 1, 0, 1;
    %store/vec4 v0x14364f4d0_0, 0, 1;
    %jmp T_6.68;
T_6.68 ;
    %pop/vec4 1;
    %end;
    .scope S_0x143606b20;
T_7 ;
    %wait E_0x1436231e0;
    %load/vec4 v0x14364d4f0_0;
    %flag_set/vec4 8;
    %jmp/0xz  T_7.0, 8;
    %pushi/vec4 0, 0, 1;
    %store/vec4 v0x14364f800_0, 0, 1;
    %pushi/vec4 0, 0, 1;
    %store/vec4 v0x14364daf0_0, 0, 1;
    %pushi/vec4 0, 0, 1;
    %store/vec4 v0x14364db80_0, 0, 1;
    %pushi/vec4 0, 0, 1;
    %store/vec4 v0x14364dc10_0, 0, 1;
    %pushi/vec4 0, 0, 1;
    %store/vec4 v0x14364dca0_0, 0, 1;
    %pushi/vec4 0, 0, 1;
    %store/vec4 v0x14364dd40_0, 0, 1;
    %pushi/vec4 0, 0, 1;
    %store/vec4 v0x14364dde0_0, 0, 1;
    %pushi/vec4 0, 0, 1;
    %store/vec4 v0x14364d780_0, 0, 1;
    %pushi/vec4 0, 0, 1;
    %store/vec4 v0x14364d8c0_0, 0, 1;
    %pushi/vec4 0, 0, 1;
    %store/vec4 v0x14364de80_0, 0, 1;
    %pushi/vec4 0, 0, 1;
    %store/vec4 v0x14364df20_0, 0, 1;
    %pushi/vec4 0, 0, 1;
    %store/vec4 v0x14364dfc0_0, 0, 1;
    %pushi/vec4 0, 0, 1;
    %store/vec4 v0x14364e060_0, 0, 1;
    %pushi/vec4 0, 0, 1;
    %store/vec4 v0x14364e100_0, 0, 1;
    %pushi/vec4 0, 0, 1;
    %store/vec4 v0x14364e1a0_0, 0, 1;
    %pushi/vec4 0, 0, 1;
    %store/vec4 v0x14364e240_0, 0, 1;
    %pushi/vec4 0, 0, 1;
    %store/vec4 v0x14364e2e0_0, 0, 1;
    %pushi/vec4 0, 0, 1;
    %store/vec4 v0x14364da00_0, 0, 1;
    %pushi/vec4 0, 0, 1;
    %store/vec4 v0x14364e6c0_0, 0, 1;
    %pushi/vec4 0, 0, 1;
    %store/vec4 v0x14364e750_0, 0, 1;
    %pushi/vec4 0, 0, 1;
    %store/vec4 v0x14364e7e0_0, 0, 1;
    %pushi/vec4 0, 0, 1;
    %store/vec4 v0x14364e870_0, 0, 1;
    %pushi/vec4 0, 0, 1;
    %store/vec4 v0x14364e990_0, 0, 1;
    %pushi/vec4 0, 0, 1;
    %store/vec4 v0x14364eb70_0, 0, 1;
    %pushi/vec4 0, 0, 1;
    %store/vec4 v0x14364edf0_0, 0, 1;
    %pushi/vec4 0, 0, 1;
    %store/vec4 v0x14364ef30_0, 0, 1;
    %pushi/vec4 0, 0, 1;
    %store/vec4 v0x14364efd0_0, 0, 1;
    %pushi/vec4 0, 0, 1;
    %store/vec4 v0x14364f1b0_0, 0, 1;
    %pushi/vec4 0, 0, 1;
    %store/vec4 v0x14364f390_0, 0, 1;
    %pushi/vec4 0, 0, 1;
    %store/vec4 v0x14364f6b0_0, 0, 1;
    %pushi/vec4 0, 0, 1;
    %store/vec4 v0x14364e430_0, 0, 1;
    %pushi/vec4 0, 0, 1;
    %store/vec4 v0x14364d6e0_0, 0, 1;
    %pushi/vec4 0, 0, 1;
    %store/vec4 v0x14364d820_0, 0, 1;
    %pushi/vec4 0, 0, 1;
    %store/vec4 v0x14364ea30_0, 0, 1;
    %pushi/vec4 0, 0, 1;
    %store/vec4 v0x14364ead0_0, 0, 1;
    %pushi/vec4 0, 0, 1;
    %store/vec4 v0x14364ed50_0, 0, 1;
    %pushi/vec4 0, 0, 1;
    %store/vec4 v0x14364ee90_0, 0, 1;
    %pushi/vec4 0, 0, 1;
    %store/vec4 v0x14364f070_0, 0, 1;
    %pushi/vec4 0, 0, 1;
    %store/vec4 v0x14364f110_0, 0, 1;
    %pushi/vec4 0, 0, 1;
    %store/vec4 v0x14364f250_0, 0, 1;
    %pushi/vec4 0, 0, 1;
    %store/vec4 v0x14364f2f0_0, 0, 1;
    %pushi/vec4 0, 0, 1;
    %store/vec4 v0x14364f430_0, 0, 1;
    %pushi/vec4 0, 0, 1;
    %store/vec4 v0x14364f570_0, 0, 1;
    %pushi/vec4 0, 0, 1;
    %store/vec4 v0x14364f610_0, 0, 1;
    %pushi/vec4 0, 0, 1;
    %store/vec4 v0x14364ec10_0, 0, 1;
    %pushi/vec4 0, 0, 1;
    %store/vec4 v0x14364ecb0_0, 0, 1;
    %pushi/vec4 0, 0, 1;
    %store/vec4 v0x14364f4d0_0, 0, 1;
    %pushi/vec4 0, 0, 1;
    %store/vec4 v0x14364d960_0, 0, 1;
    %pushi/vec4 0, 0, 1;
    %store/vec4 v0x14364e900_0, 0, 1;
    %load/vec4 v0x14364f750_0;
    %parti/s 2, 0, 2;
    %cmpi/ne 3, 0, 2;
    %jmp/0xz  T_7.2, 4;
    %load/vec4 v0x14364f750_0;
    %cmpi/e 0, 0, 32;
    %flag_mov 8, 4;
    %jmp/0 T_7.4, 8;
    %pushi/vec4 0, 0, 1;
    %jmp/1 T_7.5, 8;
T_7.4 ; End of true expr.
    %pushi/vec4 1, 0, 1;
    %jmp/0 T_7.5, 8;
 ; End of false expr.
    %blend;
T_7.5;
    %store/vec4 v0x14364f800_0, 0, 1;
    %jmp T_7.3;
T_7.2 ;
    %load/vec4 v0x14364f8a0_0;
    %dup/vec4;
    %pushi/vec4 24, 0, 5;
    %cmp/u;
    %jmp/1 T_7.6, 6;
    %dup/vec4;
    %pushi/vec4 27, 0, 5;
    %cmp/u;
    %jmp/1 T_7.7, 6;
    %dup/vec4;
    %pushi/vec4 25, 0, 5;
    %cmp/u;
    %jmp/1 T_7.8, 6;
    %dup/vec4;
    %pushi/vec4 5, 0, 5;
    %cmp/u;
    %jmp/1 T_7.9, 6;
    %dup/vec4;
    %pushi/vec4 13, 0, 5;
    %cmp/u;
    %jmp/1 T_7.10, 6;
    %dup/vec4;
    %pushi/vec4 12, 0, 5;
    %cmp/u;
    %jmp/1 T_7.11, 6;
    %dup/vec4;
    %pushi/vec4 4, 0, 5;
    %cmp/u;
    %jmp/1 T_7.12, 6;
    %dup/vec4;
    %pushi/vec4 0, 0, 5;
    %cmp/u;
    %jmp/1 T_7.13, 6;
    %dup/vec4;
    %pushi/vec4 8, 0, 5;
    %cmp/u;
    %jmp/1 T_7.14, 6;
    %dup/vec4;
    %pushi/vec4 28, 0, 5;
    %cmp/u;
    %jmp/1 T_7.15, 6;
    %load/vec4 v0x14364f750_0;
    %cmpi/e 0, 0, 32;
    %flag_mov 8, 4;
    %jmp/0 T_7.18, 8;
    %pushi/vec4 0, 0, 1;
    %jmp/1 T_7.19, 8;
T_7.18 ; End of true expr.
    %pushi/vec4 1, 0, 1;
    %jmp/0 T_7.19, 8;
 ; End of false expr.
    %blend;
T_7.19;
    %store/vec4 v0x14364f800_0, 0, 1;
    %jmp T_7.17;
T_7.6 ;
    %fork TD_instdecoder_tb.dut.get_jmp_op, S_0x14363eb30;
    %join;
    %jmp T_7.17;
T_7.7 ;
    %pushi/vec4 1, 0, 1;
    %store/vec4 v0x14364e430_0, 0, 1;
    %jmp T_7.17;
T_7.8 ;
    %load/vec4 v0x14364d590_0;
    %cmpi/e 0, 0, 3;
    %jmp/0xz  T_7.20, 4;
    %pushi/vec4 1, 0, 1;
    %store/vec4 v0x14364da00_0, 0, 1;
T_7.20 ;
    %jmp T_7.17;
T_7.9 ;
    %pushi/vec4 1, 0, 1;
    %store/vec4 v0x14364d960_0, 0, 1;
    %jmp T_7.17;
T_7.10 ;
    %pushi/vec4 1, 0, 1;
    %store/vec4 v0x14364e900_0, 0, 1;
    %jmp T_7.17;
T_7.11 ;
    %fork TD_instdecoder_tb.dut.get_alu_op, S_0x143621a20;
    %join;
    %jmp T_7.17;
T_7.12 ;
    %fork TD_instdecoder_tb.dut.get_alu1_op, S_0x143606c90;
    %join;
    %jmp T_7.17;
T_7.13 ;
    %fork TD_instdecoder_tb.dut.get_mem_load_op, S_0x14363ee10;
    %join;
    %jmp T_7.17;
T_7.14 ;
    %fork TD_instdecoder_tb.dut.get_mem_store_op, S_0x14363ef80;
    %join;
    %jmp T_7.17;
T_7.15 ;
    %load/vec4 v0x14364d590_0;
    %cmpi/e 0, 0, 3;
    %jmp/0xz  T_7.22, 4;
    %fork TD_instdecoder_tb.dut.get_mechine_op, S_0x14363eca0;
    %join;
    %jmp T_7.23;
T_7.22 ;
    %fork TD_instdecoder_tb.dut.get_csr_op, S_0x143621b90;
    %join;
T_7.23 ;
    %jmp T_7.17;
T_7.17 ;
    %pop/vec4 1;
T_7.3 ;
    %jmp T_7.1;
T_7.0 ;
    %pushi/vec4 1, 0, 1;
    %store/vec4 v0x14364f800_0, 0, 1;
T_7.1 ;
    %jmp T_7;
    .thread T_7, $push;
    .scope S_0x143633c30;
T_8 ;
    %vpi_call 2 26 "$dumpfile", "instdecoder.vcd" {0 0 0};
    %vpi_call 2 27 "$dumpvars", 32'sb00000000000000000000000000000000, S_0x143633c30 {0 0 0};
    %end;
    .thread T_8;
    .scope S_0x143633c30;
T_9 ;
    %pushi/vec4 1, 0, 1;
    %store/vec4 v0x14364fa10_0, 0, 1;
    %pushi/vec4 0, 0, 32;
    %store/vec4 v0x14364fb30_0, 0, 32;
    %delay 200, 0;
    %pushi/vec4 1943, 0, 32;
    %store/vec4 v0x14364fb30_0, 0, 32;
    %delay 200, 0;
    %pushi/vec4 0, 0, 32;
    %store/vec4 v0x14364fb30_0, 0, 32;
    %delay 10, 0;
    %pushi/vec4 46630803, 0, 32;
    %store/vec4 v0x14364fb30_0, 0, 32;
    %delay 200, 0;
    %pushi/vec4 0, 0, 32;
    %store/vec4 v0x14364fb30_0, 0, 32;
    %delay 10, 0;
    %pushi/vec4 811045875, 0, 32;
    %store/vec4 v0x14364fb30_0, 0, 32;
    %delay 200, 0;
    %pushi/vec4 0, 0, 32;
    %store/vec4 v0x14364fb30_0, 0, 32;
    %delay 10, 0;
    %pushi/vec4 441450735, 0, 32;
    %store/vec4 v0x14364fb30_0, 0, 32;
    %delay 200, 0;
    %pushi/vec4 0, 0, 32;
    %store/vec4 v0x14364fb30_0, 0, 32;
    %delay 10, 0;
    %pushi/vec4 1123875, 0, 32;
    %store/vec4 v0x14364fb30_0, 0, 32;
    %delay 200, 0;
    %pushi/vec4 0, 0, 32;
    %store/vec4 v0x14364fb30_0, 0, 32;
    %delay 10, 0;
    %pushi/vec4 807403635, 0, 32;
    %store/vec4 v0x14364fb30_0, 0, 32;
    %delay 200, 0;
    %pushi/vec4 0, 0, 32;
    %store/vec4 v0x14364fb30_0, 0, 32;
    %delay 10, 0;
    %pushi/vec4 67605091, 0, 32;
    %store/vec4 v0x14364fb30_0, 0, 32;
    %delay 200, 0;
    %pushi/vec4 0, 0, 32;
    %store/vec4 v0x14364fb30_0, 0, 32;
    %delay 10, 0;
    %pushi/vec4 133522707, 0, 32;
    %store/vec4 v0x14364fb30_0, 0, 32;
    %delay 200, 0;
    %pushi/vec4 0, 0, 32;
    %store/vec4 v0x14364fb30_0, 0, 32;
    %delay 10, 0;
    %pushi/vec4 2147483775, 0, 32;
    %store/vec4 v0x14364fb30_0, 0, 32;
    %delay 200, 0;
    %vpi_call 2 68 "$finish" {0 0 0};
    %end;
    .thread T_9;
# The file index is used to find the file name in the following table.
:file_names 4;
    "N/A";
    "<interactive>";
    "./Re_tb_instr_decoder.v";
    "./Re_instruction_decoder.v";
